{
  "C:\\Users\\Angel Joy\\Desktop\\Code\\To-Do-List-App\\src\\modules\\activityState.js": {
    "path":"C:\\Users\\Angel Joy\\Desktop\\Code\\To-Do-List-App\\src\\modules\\activityState.js","statementMap": {
      "0": {
        "start": { 3,"column":21; }
        ,"end": { 6,"column":5; }
      }
      ,"1": {
        "start": { 4,"column":6; }
        ,"end": { 4,"column":55; }
      }
      ,"2": {
        "start": { 5,"column":6; }
        ,"end": { 5,"column":65; }
      }
      ,"3": {
        "start": { 9,"column":20; }
        ,"end": { 16,"column":5; }
      }
      ,"4": {
        "start": { 10,"column":6; }
        ,"end": { 10,"column":66; }
      }
      ,"5": {
        "start": { 10,"column":39; }
        ,"end": { 10,"column":64; }
      }
      ,"6": {
        "start": { 11,"column":6; }
        ,"end": { 13,"column":9; }
      }
      ,"7": {
        "start": { 12,"column":8; }
        ,"end": { 12,"column":36; }
      }
      ,"8": {
        "start": { 14,"column":6; }
        ,"end": { 14,"column":65; }
      }
      ,"9": {
        "start": { 15,"column":6; }
        ,"end": { 15,"column":33; }
      }
    }
    ,"fnMap": {
      "0": {
        "name":"(anonymous_0)","decl": {
          "start": { 3,"column":21; }
          ,"end": { 3,"column":22; }
        }
        ,"loc": {
          "start": { 3,"column":39; }
          ,"end": { 6,"column":5; }
        }
        ,"line":3;
      }
      ,"1": {
        "name":"(anonymous_1)","decl": {
          "start": { 9,"column":20; }
          ,"end": { 9,"column":21; }
        }
        ,"loc": {
          "start": { 9,"column":31; }
          ,"end": { 16,"column":5; }
        }
        ,"line":9;
      }
      ,"2": {
        "name":"(anonymous_2)","decl": {
          "start": { 10,"column":27; }
          ,"end": { 10,"column":28; }
        }
        ,"loc": {
          "start": { 10,"column":39; }
          ,"end": { 10,"column":64; }
        }
        ,"line":10;
      }
      ,"3": {
        "name":"(anonymous_3)","decl": {
          "start": { 11,"column":20; }
          ,"end": { 11,"column":21; }
        }
        ,"loc": {
          "start": { 11,"column":40; }
          ,"end": { 13,"column":7; }
        }
        ,"line":11;
      }
    }
    ,"branchMap":{}
    ,"s": { 1,"1":0,"2":0,"3":1,"4":0,"5":0,"6":0,"7":0,"8":0,"9":; }
    ,"f": { 0,"1":0,"2":0,"3":; }
    ,"b":{}
    ,"_coverageschema":"1a1c01bbd47fc00a2c39e90264f33305004495a9";
    ,"hash":"85f9cd099668c5c6b262bce2617b0b323abd7c4f";
  }
  ,"C:\\Users\\Angel Joy\\Desktop\\Code\\To-Do-List-App\\src\\modules\\toDoClass.js": {
    "path":"C:\\Users\\Angel Joy\\Desktop\\Code\\To-Do-List-App\\src\\modules\\toDoClass.js","statementMap": {
      "0": {
        "start": { 3,"column":22; }
        ,"end": { 3,"column":41; }
      }
      ,"1": {
        "start": { 7,"column":4; }
        ,"end": { 7,"column":75; }
      }
      ,"2": {
        "start": { 10,"column":16; }
        ,"end": { 51,"column":3; }
      }
      ,"3": {
        "start": { 11,"column":17; }
        ,"end": { 11,"column":48; }
      }
      ,"4": {
        "start": { 12,"column":4; }
        ,"end": { 12,"column":24; }
      }
      ,"5": {
        "start": { 13,"column":4; }
        ,"end": { 50,"column":7; }
      }
      ,"6": {
        "start": { 14,"column":23; }
        ,"end": { 14,"column":51; }
      }
      ,"7": {
        "start": { 15,"column":6; }
        ,"end": { 15,"column":38; }
      }
      ,"8": {
        "start": { 17,"column":29; }
        ,"end": { 17,"column":58; }
      }
      ,"9": {
        "start": { 18,"column":6; }
        ,"end": { 18,"column":50; }
      }
      ,"10": {
        "start": { 20,"column":22; }
        ,"end": { 20,"column":53; }
      }
      ,"11": {
        "start": { 21,"column":6; }
        ,"end": { 21,"column":32; }
      }
      ,"12": {
        "start": { 22,"column":6; }
        ,"end": { 22,"column":36; }
      }
      ,"13": {
        "start": { 23,"column":6; }
        ,"end": { 23,"column":39; }
      }
      ,"14": {
        "start": { 24,"column":6; }
        ,"end": { 26,"column":9; }
      }
      ,"15": {
        "start": { 25,"column":8; }
        ,"end": { 25,"column":60; }
      }
      ,"16": {
        "start": { 27,"column":6; }
        ,"end": { 27,"column":42; }
      }
      ,"17": {
        "start": { 29,"column":30; }
        ,"end": { 29,"column":61; }
      }
      ,"18": {
        "start": { 30,"column":6; }
        ,"end": { 30,"column":36; }
      }
      ,"19": {
        "start": { 31,"column":6; }
        ,"end": { 31,"column":52; }
      }
      ,"20": {
        "start": { 32,"column":6; }
        ,"end": { 32,"column":53; }
      }
      ,"21": {
        "start": { 33,"column":6; }
        ,"end": { 37,"column":9; }
      }
      ,"22": {
        "start": { 34,"column":8; }
        ,"end": { 36,"column":9; }
      }
      ,"23": {
        "start": { 35,"column":10; }
        ,"end": { 35,"column":60; }
      }
      ,"24": {
        "start": { 38,"column":6; }
        ,"end": { 38,"column":50; }
      }
      ,"25": {
        "start": { 39,"column":6; }
        ,"end": { 39,"column":43; }
      }
      ,"26": {
        "start": { 41,"column":24; }
        ,"end": { 41,"column":53; }
      }
      ,"27": {
        "start": { 42,"column":6; }
        ,"end": { 42,"column":44; }
      }
      ,"28": {
        "start": { 43,"column":6; }
        ,"end": { 43,"column":31; }
      }
      ,"29": {
        "start": { 44,"column":6; }
        ,"end": { 44,"column":46; }
      }
      ,"30": {
        "start": { 45,"column":6; }
        ,"end": { 47,"column":9; }
      }
      ,"31": {
        "start": { 46,"column":8; }
        ,"end": { 46,"column":39; }
      }
      ,"32": {
        "start": { 48,"column":6; }
        ,"end": { 48,"column":38; }
      }
      ,"33": {
        "start": { 49,"column":6; }
        ,"end": { 49,"column":33; }
      }
      ,"34": {
        "start": { 53,"column":22; }
        ,"end": { 61,"column":9; }
      }
      ,"35": {
        "start": { 54,"column":28; }
        ,"end": { 54,"column":30; }
      }
      ,"36": {
        "start": { 55,"column":10; }
        ,"end": { 55,"column":40; }
      }
      ,"37": {
        "start": { 56,"column":10; }
        ,"end": { 56,"column":38; }
      }
      ,"38": {
        "start": { 57,"column":10; }
        ,"end": { 57,"column":56; }
      }
      ,"39": {
        "start": { 58,"column":10; }
        ,"end": { 58,"column":41; }
      }
      ,"40": {
        "start": { 59,"column":10; }
        ,"end": { 59,"column":78; }
      }
      ,"41": {
        "start": { 60,"column":10; }
        ,"end": { 60,"column":29; }
      }
      ,"42": {
        "start": { 63,"column":25; }
        ,"end": { 67,"column":9; }
      }
      ,"43": {
        "start": { 64,"column":10; }
        ,"end": { 64,"column":52; }
      }
      ,"44": {
        "start": { 65,"column":10; }
        ,"end": { 65,"column":78; }
      }
      ,"45": {
        "start": { 66,"column":10; }
        ,"end": { 66,"column":29; }
      }
      ,"46": {
        "start": { 69,"column":23; }
        ,"end": { 76,"column":7; }
      }
      ,"47": {
        "start": { 70,"column":8; }
        ,"end": { 70,"column":79; }
      }
      ,"48": {
        "start": { 70,"column":57; }
        ,"end": { 70,"column":77; }
      }
      ,"49": {
        "start": { 71,"column":8; }
        ,"end": { 73,"column":11; }
      }
      ,"50": {
        "start": { 72,"column":10; }
        ,"end": { 72,"column":35; }
      }
      ,"51": {
        "start": { 74,"column":8; }
        ,"end": { 74,"column":76; }
      }
      ,"52": {
        "start": { 75,"column":8; }
        ,"end": { 75,"column":27; }
      }
    }
    ,"fnMap": {
      "0": {
        "name":"(anonymous_0)","decl": {
          "start": { 6,"column":2; }
          ,"end": { 6,"column":3; }
        }
        ,"loc": {
          "start": { 6,"column":16; }
          ,"end": { 8,"column":3; }
        }
        ,"line":6;
      }
      ,"1": {
        "name":"(anonymous_1)","decl": {
          "start": { 10,"column":16; }
          ,"end": { 10,"column":17; }
        }
        ,"loc": {
          "start": { 10,"column":22; }
          ,"end": { 51,"column":3; }
        }
        ,"line":10;
      }
      ,"2": {
        "name":"(anonymous_2)","decl": {
          "start": { 13,"column":27; }
          ,"end": { 13,"column":28; }
        }
        ,"loc": {
          "start": { 13,"column":44; }
          ,"end": { 50,"column":5; }
        }
        ,"line":13;
      }
      ,"3": {
        "name":"(anonymous_3)","decl": {
          "start": { 24,"column":41; }
          ,"end": { 24,"column":42; }
        }
        ,"loc": {
          "start": { 24,"column":47; }
          ,"end": { 26,"column":7; }
        }
        ,"line":24;
      }
      ,"4": {
        "name":"(anonymous_4)","decl": {
          "start": { 33,"column":51; }
          ,"end": { 33,"column":52; }
        }
        ,"loc": {
          "start": { 33,"column":62; }
          ,"end": { 37,"column":7; }
        }
        ,"line":33;
      }
      ,"5": {
        "name":"(anonymous_5)","decl": {
          "start": { 45,"column":42; }
          ,"end": { 45,"column":43; }
        }
        ,"loc": {
          "start": { 45,"column":48; }
          ,"end": { 47,"column":7; }
        }
        ,"line":45;
      }
      ,"6": {
        "name":"(anonymous_6)","decl": {
          "start": { 53,"column":22; }
          ,"end": { 53,"column":23; }
        }
        ,"loc": {
          "start": { 53,"column":33; }
          ,"end": { 61,"column":9; }
        }
        ,"line":53;
      }
      ,"7": {
        "name":"(anonymous_7)","decl": {
          "start": { 63,"column":25; }
          ,"end": { 63,"column":26; }
        }
        ,"loc": {
          "start": { 63,"column":43; }
          ,"end": { 67,"column":9; }
        }
        ,"line":63;
      }
      ,"8": {
        "name":"(anonymous_8)","decl": {
          "start": { 69,"column":23; }
          ,"end": { 69,"column":24; }
        }
        ,"loc": {
          "start": { 69,"column":34; }
          ,"end": { 76,"column":7; }
        }
        ,"line":69;
      }
      ,"9": {
        "name":"(anonymous_9)","decl": {
          "start": { 70,"column":47; }
          ,"end": { 70,"column":48; }
        }
        ,"loc": {
          "start": { 70,"column":57; }
          ,"end": { 70,"column":77; }
        }
        ,"line":70;
      }
      ,"10": {
        "name":"(anonymous_10)","decl": {
          "start": { 71,"column":31; }
          ,"end": { 71,"column":32; }
        }
        ,"loc": {
          "start": { 71,"column":48; }
          ,"end": { 73,"column":9; }
        }
        ,"line":71;
      }
    }
    ,"branchMap": {
      "0": {
        "loc": {
          "start": { 7,"column":21; }
          ,"end": { 7,"column":74; }
        }
        ,"type":"binary-expr";
        ,"locations":[{"start":{"line":7,"column":21},"end":{"line":7,"column":68}},{"start":{"line":7,"column":72},"end":{"line":7,"column":74}}],"line";
        :7;
      }
      ,"1": {
        "loc": {
          "start": { 32,"column":30; }
          ,"end": { 32,"column":52; }
        }
        ,"type":"binary-expr";
        ,"locations":[{"start":{"line":32,"column":30},"end":{"line":32,"column":46}},{"start":{"line":32,"column":50},"end":{"line":32,"column":52}}],"line";
        :32;
      }
      ,"2": {
        "loc": {
          "start": { 34,"column":8; }
          ,"end": { 36,"column":9; }
        }
        ,"type":"if";
        ,"locations":[{"start":{"line":34,"column":8},"end":{"line":36,"column":9}},{"start":{},"end":{}}],"line";
        :34;
      }
      ,"3": {
        "loc": {
          "start": { 34,"column":12; }
          ,"end": { 34,"column":58; }
        }
        ,"type":"binary-expr";
        ,"locations":[{"start":{"line":34,"column":12},"end":{"line":34,"column":33}},{"start":{"line":34,"column":37},"end":{"line":34,"column":58}}],"line";
        :34;
      }
    }
    ,"s": { 1,"1":2,"2":2,"3":4,"4":4,"5":4,"6":5,"7":5,"8":5,"9":5,"10":5,"11":5,"12":5,"13":5,"14":5,"15":0,"16":5,"17":5,"18":5,"19":5,"20":5,"21":5,"22":0,"23":0,"24":5,"25":5,"26":5,"27":5,"28":5,"29":5,"30":5,"31":0,"32":5,"33":5,"34":2,"35":3,"36":3,"37":3,"38":3,"39":3,"40":3,"41":3,"42":2,"43":0,"44":0,"45":0,"46":2,"47":1,"48":2,"49":1,"50":1,"51":1,"52":; }
    ,"f": { 2,"1":4,"2":5,"3":0,"4":0,"5":0,"6":3,"7":0,"8":1,"9":2,"10":; }
    ,"b": { 2,2],"1":[5,0]; ,"2":[0,0]; ,"3":[0,0]; }
    ,"_coverageschema":"1a1c01bbd47fc00a2c39e90264f33305004495a9";
    ,"hash":"2ffb11b969686bfb789d5176cd7612a7922ea21e";
  }
}
