{"C:\\Users\\Angel Joy\\Desktop\\Code\\To-Do-List-App\\src\\modules\\activityState.js": {"path":"C:\\Users\\Angel Joy\\Desktop\\Code\\To-Do-List-App\\src\\modules\\activityState.js","statementMap":{"0":{"start":{"line":3,"column":21},"end":{"line":6,"column":5}},"1":{"start":{"line":4,"column":6},"end":{"line":4,"column":55}},"2":{"start":{"line":5,"column":6},"end":{"line":5,"column":65}},"3":{"start":{"line":9,"column":20},"end":{"line":15,"column":5}},"4":{"start":{"line":10,"column":6},"end":{"line":10,"column":66}},"5":{"start":{"line":10,"column":39},"end":{"line":10,"column":64}},"6":{"start":{"line":11,"column":6},"end":{"line":13,"column":9}},"7":{"start":{"line":12,"column":8},"end":{"line":12,"column":36}},"8":{"start":{"line":14,"column":6},"end":{"line":14,"column":65}}},"fnMap":{"0":{"name":"(anonymous_0)","decl":{"start":{"line":3,"column":21},"end":{"line":3,"column":22}},"loc":{"start":{"line":3,"column":39},"end":{"line":6,"column":5}},"line":3},"1":{"name":"(anonymous_1)","decl":{"start":{"line":9,"column":20},"end":{"line":9,"column":21}},"loc":{"start":{"line":9,"column":31},"end":{"line":15,"column":5}},"line":9},"2":{"name":"(anonymous_2)","decl":{"start":{"line":10,"column":27},"end":{"line":10,"column":28}},"loc":{"start":{"line":10,"column":39},"end":{"line":10,"column":64}},"line":10},"3":{"name":"(anonymous_3)","decl":{"start":{"line":11,"column":20},"end":{"line":11,"column":21}},"loc":{"start":{"line":11,"column":40},"end":{"line":13,"column":7}},"line":11}},"branchMap":{},"s":{"0":4,"1":1,"2":1,"3":4,"4":1,"5":4,"6":1,"7":2,"8":1},"f":{"0":1,"1":1,"2":4,"3":2},"b":{},"_coverageSchema":"1a1c01bbd47fc00a2c39e90264f33305004495a9","hash":"22bf7b4c2921412d7f4a48941531f6a29f13a524"}
,"C:\\Users\\Angel Joy\\Desktop\\Code\\To-Do-List-App\\src\\modules\\toDoClass.js": {"path":"C:\\Users\\Angel Joy\\Desktop\\Code\\To-Do-List-App\\src\\modules\\toDoClass.js","statementMap":{"0":{"start":{"line":3,"column":22},"end":{"line":3,"column":41}},"1":{"start":{"line":7,"column":4},"end":{"line":7,"column":75}},"2":{"start":{"line":10,"column":16},"end":{"line":51,"column":3}},"3":{"start":{"line":11,"column":17},"end":{"line":11,"column":48}},"4":{"start":{"line":12,"column":4},"end":{"line":12,"column":24}},"5":{"start":{"line":13,"column":4},"end":{"line":50,"column":7}},"6":{"start":{"line":14,"column":23},"end":{"line":14,"column":51}},"7":{"start":{"line":15,"column":6},"end":{"line":15,"column":38}},"8":{"start":{"line":17,"column":29},"end":{"line":17,"column":58}},"9":{"start":{"line":18,"column":6},"end":{"line":18,"column":50}},"10":{"start":{"line":20,"column":22},"end":{"line":20,"column":53}},"11":{"start":{"line":21,"column":6},"end":{"line":21,"column":32}},"12":{"start":{"line":22,"column":6},"end":{"line":22,"column":36}},"13":{"start":{"line":23,"column":6},"end":{"line":23,"column":39}},"14":{"start":{"line":24,"column":6},"end":{"line":26,"column":9}},"15":{"start":{"line":25,"column":8},"end":{"line":25,"column":60}},"16":{"start":{"line":27,"column":6},"end":{"line":27,"column":42}},"17":{"start":{"line":29,"column":30},"end":{"line":29,"column":61}},"18":{"start":{"line":30,"column":6},"end":{"line":30,"column":36}},"19":{"start":{"line":31,"column":6},"end":{"line":31,"column":52}},"20":{"start":{"line":32,"column":6},"end":{"line":32,"column":53}},"21":{"start":{"line":33,"column":6},"end":{"line":37,"column":9}},"22":{"start":{"line":34,"column":8},"end":{"line":36,"column":9}},"23":{"start":{"line":35,"column":10},"end":{"line":35,"column":60}},"24":{"start":{"line":38,"column":6},"end":{"line":38,"column":50}},"25":{"start":{"line":39,"column":6},"end":{"line":39,"column":43}},"26":{"start":{"line":41,"column":24},"end":{"line":41,"column":53}},"27":{"start":{"line":42,"column":6},"end":{"line":42,"column":44}},"28":{"start":{"line":43,"column":6},"end":{"line":43,"column":31}},"29":{"start":{"line":44,"column":6},"end":{"line":44,"column":46}},"30":{"start":{"line":45,"column":6},"end":{"line":47,"column":9}},"31":{"start":{"line":46,"column":8},"end":{"line":46,"column":39}},"32":{"start":{"line":48,"column":6},"end":{"line":48,"column":38}},"33":{"start":{"line":49,"column":6},"end":{"line":49,"column":33}},"34":{"start":{"line":53,"column":22},"end":{"line":61,"column":9}},"35":{"start":{"line":54,"column":28},"end":{"line":54,"column":30}},"36":{"start":{"line":55,"column":10},"end":{"line":55,"column":40}},"37":{"start":{"line":56,"column":10},"end":{"line":56,"column":38}},"38":{"start":{"line":57,"column":10},"end":{"line":57,"column":56}},"39":{"start":{"line":58,"column":10},"end":{"line":58,"column":41}},"40":{"start":{"line":59,"column":10},"end":{"line":59,"column":78}},"41":{"start":{"line":60,"column":10},"end":{"line":60,"column":29}},"42":{"start":{"line":63,"column":25},"end":{"line":67,"column":9}},"43":{"start":{"line":64,"column":10},"end":{"line":64,"column":52}},"44":{"start":{"line":65,"column":10},"end":{"line":65,"column":78}},"45":{"start":{"line":66,"column":10},"end":{"line":66,"column":29}},"46":{"start":{"line":69,"column":23},"end":{"line":76,"column":7}},"47":{"start":{"line":70,"column":8},"end":{"line":70,"column":79}},"48":{"start":{"line":70,"column":57},"end":{"line":70,"column":77}},"49":{"start":{"line":71,"column":8},"end":{"line":73,"column":11}},"50":{"start":{"line":72,"column":10},"end":{"line":72,"column":35}},"51":{"start":{"line":74,"column":8},"end":{"line":74,"column":76}},"52":{"start":{"line":75,"column":8},"end":{"line":75,"column":27}}},"fnMap":{"0":{"name":"(anonymous_0)","decl":{"start":{"line":6,"column":2},"end":{"line":6,"column":3}},"loc":{"start":{"line":6,"column":16},"end":{"line":8,"column":3}},"line":6},"1":{"name":"(anonymous_1)","decl":{"start":{"line":10,"column":16},"end":{"line":10,"column":17}},"loc":{"start":{"line":10,"column":22},"end":{"line":51,"column":3}},"line":10},"2":{"name":"(anonymous_2)","decl":{"start":{"line":13,"column":27},"end":{"line":13,"column":28}},"loc":{"start":{"line":13,"column":44},"end":{"line":50,"column":5}},"line":13},"3":{"name":"(anonymous_3)","decl":{"start":{"line":24,"column":41},"end":{"line":24,"column":42}},"loc":{"start":{"line":24,"column":47},"end":{"line":26,"column":7}},"line":24},"4":{"name":"(anonymous_4)","decl":{"start":{"line":33,"column":51},"end":{"line":33,"column":52}},"loc":{"start":{"line":33,"column":62},"end":{"line":37,"column":7}},"line":33},"5":{"name":"(anonymous_5)","decl":{"start":{"line":45,"column":42},"end":{"line":45,"column":43}},"loc":{"start":{"line":45,"column":48},"end":{"line":47,"column":7}},"line":45},"6":{"name":"(anonymous_6)","decl":{"start":{"line":53,"column":22},"end":{"line":53,"column":23}},"loc":{"start":{"line":53,"column":33},"end":{"line":61,"column":9}},"line":53},"7":{"name":"(anonymous_7)","decl":{"start":{"line":63,"column":25},"end":{"line":63,"column":26}},"loc":{"start":{"line":63,"column":43},"end":{"line":67,"column":9}},"line":63},"8":{"name":"(anonymous_8)","decl":{"start":{"line":69,"column":23},"end":{"line":69,"column":24}},"loc":{"start":{"line":69,"column":34},"end":{"line":76,"column":7}},"line":69},"9":{"name":"(anonymous_9)","decl":{"start":{"line":70,"column":47},"end":{"line":70,"column":48}},"loc":{"start":{"line":70,"column":57},"end":{"line":70,"column":77}},"line":70},"10":{"name":"(anonymous_10)","decl":{"start":{"line":71,"column":31},"end":{"line":71,"column":32}},"loc":{"start":{"line":71,"column":48},"end":{"line":73,"column":9}},"line":71}},"branchMap":{"0":{"loc":{"start":{"line":7,"column":21},"end":{"line":7,"column":74}},"type":"binary-expr","locations":[{"start":{"line":7,"column":21},"end":{"line":7,"column":68}},{"start":{"line":7,"column":72},"end":{"line":7,"column":74}}],"line":7},"1":{"loc":{"start":{"line":32,"column":30},"end":{"line":32,"column":52}},"type":"binary-expr","locations":[{"start":{"line":32,"column":30},"end":{"line":32,"column":46}},{"start":{"line":32,"column":50},"end":{"line":32,"column":52}}],"line":32},"2":{"loc":{"start":{"line":34,"column":8},"end":{"line":36,"column":9}},"type":"if","locations":[{"start":{"line":34,"column":8},"end":{"line":36,"column":9}},{"start":{},"end":{}}],"line":34},"3":{"loc":{"start":{"line":34,"column":12},"end":{"line":34,"column":58}},"type":"binary-expr","locations":[{"start":{"line":34,"column":12},"end":{"line":34,"column":33}},{"start":{"line":34,"column":37},"end":{"line":34,"column":58}}],"line":34}},"s":{"0":3,"1":6,"2":6,"3":6,"4":6,"5":6,"6":7,"7":7,"8":7,"9":7,"10":7,"11":7,"12":7,"13":7,"14":7,"15":0,"16":7,"17":7,"18":7,"19":7,"20":7,"21":7,"22":0,"23":0,"24":7,"25":7,"26":7,"27":7,"28":7,"29":7,"30":7,"31":0,"32":7,"33":7,"34":6,"35":9,"36":9,"37":9,"38":9,"39":9,"40":9,"41":9,"42":6,"43":2,"44":2,"45":2,"46":6,"47":2,"48":5,"49":2,"50":3,"51":2,"52":2},"f":{"0":6,"1":6,"2":7,"3":0,"4":0,"5":0,"6":9,"7":2,"8":2,"9":5,"10":3},"b":{"0":[6,6],"1":[7,0],"2":[0,0],"3":[0,0]},"_coverageSchema":"1a1c01bbd47fc00a2c39e90264f33305004495a9","hash":"2ffb11b969686bfb789d5176cd7612a7922ea21e"}
}
