TN:
SF:src\modules\activityState.js
FN:3,(anonymous_0)
FN:9,(anonymous_1)
FN:10,(anonymous_2)
FN:11,(anonymous_3)
FNF:4
FNH:0
FNDA:0,(anonymous_0)
FNDA:0,(anonymous_1)
FNDA:0,(anonymous_2)
FNDA:0,(anonymous_3)
DA:3,1
DA:4,0
DA:5,0
DA:9,1
DA:10,0
DA:11,0
DA:12,0
DA:14,0
DA:15,0
LF:9
LH:2
BRF:0
BRH:0
end_of_record
TN:
SF:src\modules\toDoClass.js
FN:6,(anonymous_0)
FN:10,(anonymous_1)
FN:13,(anonymous_2)
FN:24,(anonymous_3)
FN:33,(anonymous_4)
FN:45,(anonymous_5)
FN:53,(anonymous_6)
FN:63,(anonymous_7)
FN:69,(anonymous_8)
FN:70,(anonymous_9)
FN:71,(anonymous_10)
FNF:11
FNH:7
FNDA:2,(anonymous_0)
FNDA:4,(anonymous_1)
FNDA:5,(anonymous_2)
FNDA:0,(anonymous_3)
FNDA:0,(anonymous_4)
FNDA:0,(anonymous_5)
FNDA:3,(anonymous_6)
FNDA:0,(anonymous_7)
FNDA:1,(anonymous_8)
FNDA:2,(anonymous_9)
FNDA:1,(anonymous_10)
DA:3,1
DA:7,2
DA:10,2
DA:11,4
DA:12,4
DA:13,4
DA:14,5
DA:15,5
DA:17,5
DA:18,5
DA:20,5
DA:21,5
DA:22,5
DA:23,5
DA:24,5
DA:25,0
DA:27,5
DA:29,5
DA:30,5
DA:31,5
DA:32,5
DA:33,5
DA:34,0
DA:35,0
DA:38,5
DA:39,5
DA:41,5
DA:42,5
DA:43,5
DA:44,5
DA:45,5
DA:46,0
DA:48,5
DA:49,5
DA:53,2
DA:54,3
DA:55,3
DA:56,3
DA:57,3
DA:58,3
DA:59,3
DA:60,3
DA:63,2
DA:64,0
DA:65,0
DA:66,0
DA:69,2
DA:70,2
DA:71,1
DA:72,1
DA:74,1
DA:75,1
LF:52
LH:45
BRDA:7,0,0,2
BRDA:7,0,1,2
BRDA:32,1,0,5
BRDA:32,1,1,0
BRDA:34,2,0,0
BRDA:34,2,1,0
BRDA:34,3,0,0
BRDA:34,3,1,0
BRF:8
BRH:3
end_of_record
